<?xml version="1.0" encoding="UTF-8"?>
<!-- Generated by org.testng.reporters.JUnitXMLReporter -->
<testsuite hostname="DESKTOP-1RBJ5DQ" ignored="1" name="Test" tests="1" failures="0" timestamp="24 Jan 2021 03:21:46 GMT" time="11.639" errors="0">
  <testcase name="verifyDoLoginTest" time="1.367" classname="com.Tests.LoginPageTest"/>
  <testcase name="verifyLoginPageTitleTest" time="0.0" classname="com.Tests.LoginPageTest">
    <ignored/>
  </testcase> <!-- verifyLoginPageTitleTest -->
</testsuite> <!-- Test -->
