<?xml version="1.0" encoding="UTF-8"?>
<testng-results skipped="0" failed="0" ignored="1" total="2" passed="1">
  <reporter-output>
  </reporter-output>
  <suite name="Suite" duration-ms="11639" started-at="2021-01-24T03:21:35Z" finished-at="2021-01-24T03:21:46Z">
    <groups>
    </groups>
    <test name="Test" duration-ms="11639" started-at="2021-01-24T03:21:35Z" finished-at="2021-01-24T03:21:46Z">
      <class name="com.Tests.LoginPageTest">
        <test-method status="PASS" signature="setUpTest(java.lang.String)[pri:0, instance:com.Tests.LoginPageTest@4bee09]" name="setUpTest" is-config="true" duration-ms="9545" started-at="2021-01-24T03:21:35Z" finished-at="2021-01-24T03:21:44Z">
          <params>
            <param index="0">
              <value>
                <![CDATA[chrome]]>
              </value>
            </param>
          </params>
          <reporter-output>
          </reporter-output>
        </test-method> <!-- setUpTest -->
        <test-method status="PASS" signature="verifyDoLoginTest(java.lang.String, java.lang.String)[pri:3, instance:com.Tests.LoginPageTest@4bee09]" name="verifyDoLoginTest" duration-ms="1367" started-at="2021-01-24T03:21:44Z" finished-at="2021-01-24T03:21:46Z">
          <params>
            <param index="0">
              <value>
                <![CDATA[Admin]]>
              </value>
            </param>
            <param index="1">
              <value>
                <![CDATA[manager]]>
              </value>
            </param>
          </params>
          <reporter-output>
          </reporter-output>
        </test-method> <!-- verifyDoLoginTest -->
        <test-method status="PASS" signature="tearDown()[pri:0, instance:com.Tests.LoginPageTest@4bee09]" name="tearDown" is-config="true" duration-ms="687" started-at="2021-01-24T03:21:46Z" finished-at="2021-01-24T03:21:46Z">
          <reporter-output>
          </reporter-output>
        </test-method> <!-- tearDown -->
      </class> <!-- com.Tests.LoginPageTest -->
    </test> <!-- Test -->
  </suite> <!-- Suite -->
</testng-results>
